Determining if the pthread_create exist failed with the following output:
Change Dir: /home/pi/mjpg-streamer-master/mjpg-streamer-experimental/_build/CMakeFiles/CMakeTmp

Run Build Command:"/usr/bin/make" "cmTC_953ae/fast"
make[1]: Entering directory '/home/pi/mjpg-streamer-master/mjpg-streamer-experimental/_build/CMakeFiles/CMakeTmp'
/usr/bin/make -f CMakeFiles/cmTC_953ae.dir/build.make CMakeFiles/cmTC_953ae.dir/build
make[2]: Entering directory '/home/pi/mjpg-streamer-master/mjpg-streamer-experimental/_build/CMakeFiles/CMakeTmp'
Building C object CMakeFiles/cmTC_953ae.dir/CheckSymbolExists.c.o
/usr/bin/cc     -o CMakeFiles/cmTC_953ae.dir/CheckSymbolExists.c.o   -c /home/pi/mjpg-streamer-master/mjpg-streamer-experimental/_build/CMakeFiles/CMakeTmp/CheckSymbolExists.c
Linking C executable cmTC_953ae
/usr/bin/cmake -E cmake_link_script CMakeFiles/cmTC_953ae.dir/link.txt --verbose=1
/usr/bin/cc       CMakeFiles/cmTC_953ae.dir/CheckSymbolExists.c.o  -o cmTC_953ae -rdynamic 
CMakeFiles/cmTC_953ae.dir/CheckSymbolExists.c.o：在函数‘main’中：
CheckSymbolExists.c:(.text+0x38)：对‘pthread_create’未定义的引用
collect2: error: ld returned 1 exit status
CMakeFiles/cmTC_953ae.dir/build.make:97: recipe for target 'cmTC_953ae' failed
make[2]: *** [cmTC_953ae] Error 1
make[2]: Leaving directory '/home/pi/mjpg-streamer-master/mjpg-streamer-experimental/_build/CMakeFiles/CMakeTmp'
Makefile:126: recipe for target 'cmTC_953ae/fast' failed
make[1]: *** [cmTC_953ae/fast] Error 2
make[1]: Leaving directory '/home/pi/mjpg-streamer-master/mjpg-streamer-experimental/_build/CMakeFiles/CMakeTmp'

File /home/pi/mjpg-streamer-master/mjpg-streamer-experimental/_build/CMakeFiles/CMakeTmp/CheckSymbolExists.c:
/* */
#include <pthread.h>

int main(int argc, char** argv)
{
  (void)argv;
#ifndef pthread_create
  return ((int*)(&pthread_create))[argc];
#else
  (void)argc;
  return 0;
#endif
}

Determining if the function pthread_create exists in the pthreads failed with the following output:
Change Dir: /home/pi/mjpg-streamer-master/mjpg-streamer-experimental/_build/CMakeFiles/CMakeTmp

Run Build Command:"/usr/bin/make" "cmTC_8ebd6/fast"
make[1]: Entering directory '/home/pi/mjpg-streamer-master/mjpg-streamer-experimental/_build/CMakeFiles/CMakeTmp'
/usr/bin/make -f CMakeFiles/cmTC_8ebd6.dir/build.make CMakeFiles/cmTC_8ebd6.dir/build
make[2]: Entering directory '/home/pi/mjpg-streamer-master/mjpg-streamer-experimental/_build/CMakeFiles/CMakeTmp'
Building C object CMakeFiles/cmTC_8ebd6.dir/CheckFunctionExists.c.o
/usr/bin/cc    -DCHECK_FUNCTION_EXISTS=pthread_create   -o CMakeFiles/cmTC_8ebd6.dir/CheckFunctionExists.c.o   -c /usr/share/cmake-3.7/Modules/CheckFunctionExists.c
Linking C executable cmTC_8ebd6
/usr/bin/cmake -E cmake_link_script CMakeFiles/cmTC_8ebd6.dir/link.txt --verbose=1
/usr/bin/cc   -DCHECK_FUNCTION_EXISTS=pthread_create    CMakeFiles/cmTC_8ebd6.dir/CheckFunctionExists.c.o  -o cmTC_8ebd6 -rdynamic -lpthreads 
/usr/bin/ld: 找不到 -lpthreads
collect2: error: ld returned 1 exit status
CMakeFiles/cmTC_8ebd6.dir/build.make:97: recipe for target 'cmTC_8ebd6' failed
make[2]: *** [cmTC_8ebd6] Error 1
make[2]: Leaving directory '/home/pi/mjpg-streamer-master/mjpg-streamer-experimental/_build/CMakeFiles/CMakeTmp'
Makefile:126: recipe for target 'cmTC_8ebd6/fast' failed
make[1]: *** [cmTC_8ebd6/fast] Error 2
make[1]: Leaving directory '/home/pi/mjpg-streamer-master/mjpg-streamer-experimental/_build/CMakeFiles/CMakeTmp'


