The system is: Linux - 4.14.79-v7+ - armv7l
Compiling the C compiler identification source file "CMakeCCompilerId.c" succeeded.
Compiler: /usr/bin/cc 
Build flags: 
Id flags: 

The output was:
0


Compilation of the C compiler identification source "CMakeCCompilerId.c" produced "a.out"

The C compiler identification is GNU, found in "/home/pi/mjpg-streamer-master/mjpg-streamer-experimental/_build/CMakeFiles/3.7.2/CompilerIdC/a.out"

Determining if the C compiler works passed with the following output:
Change Dir: /home/pi/mjpg-streamer-master/mjpg-streamer-experimental/_build/CMakeFiles/CMakeTmp

Run Build Command:"/usr/bin/make" "cmTC_0a225/fast"
make[1]: Entering directory '/home/pi/mjpg-streamer-master/mjpg-streamer-experimental/_build/CMakeFiles/CMakeTmp'
/usr/bin/make -f CMakeFiles/cmTC_0a225.dir/build.make CMakeFiles/cmTC_0a225.dir/build
make[2]: Entering directory '/home/pi/mjpg-streamer-master/mjpg-streamer-experimental/_build/CMakeFiles/CMakeTmp'
Building C object CMakeFiles/cmTC_0a225.dir/testCCompiler.c.o
/usr/bin/cc     -o CMakeFiles/cmTC_0a225.dir/testCCompiler.c.o   -c /home/pi/mjpg-streamer-master/mjpg-streamer-experimental/_build/CMakeFiles/CMakeTmp/testCCompiler.c
Linking C executable cmTC_0a225
/usr/bin/cmake -E cmake_link_script CMakeFiles/cmTC_0a225.dir/link.txt --verbose=1
/usr/bin/cc       CMakeFiles/cmTC_0a225.dir/testCCompiler.c.o  -o cmTC_0a225 -rdynamic 
make[2]: Leaving directory '/home/pi/mjpg-streamer-master/mjpg-streamer-experimental/_build/CMakeFiles/CMakeTmp'
make[1]: Leaving directory '/home/pi/mjpg-streamer-master/mjpg-streamer-experimental/_build/CMakeFiles/CMakeTmp'


Detecting C compiler ABI info compiled with the following output:
Change Dir: /home/pi/mjpg-streamer-master/mjpg-streamer-experimental/_build/CMakeFiles/CMakeTmp

Run Build Command:"/usr/bin/make" "cmTC_f8984/fast"
make[1]: Entering directory '/home/pi/mjpg-streamer-master/mjpg-streamer-experimental/_build/CMakeFiles/CMakeTmp'
/usr/bin/make -f CMakeFiles/cmTC_f8984.dir/build.make CMakeFiles/cmTC_f8984.dir/build
make[2]: Entering directory '/home/pi/mjpg-streamer-master/mjpg-streamer-experimental/_build/CMakeFiles/CMakeTmp'
Building C object CMakeFiles/cmTC_f8984.dir/CMakeCCompilerABI.c.o
/usr/bin/cc     -o CMakeFiles/cmTC_f8984.dir/CMakeCCompilerABI.c.o   -c /usr/share/cmake-3.7/Modules/CMakeCCompilerABI.c
Linking C executable cmTC_f8984
/usr/bin/cmake -E cmake_link_script CMakeFiles/cmTC_f8984.dir/link.txt --verbose=1
/usr/bin/cc      -v CMakeFiles/cmTC_f8984.dir/CMakeCCompilerABI.c.o  -o cmTC_f8984 -rdynamic  
Using built-in specs.
COLLECT_GCC=/usr/bin/cc
COLLECT_LTO_WRAPPER=/usr/lib/gcc/arm-linux-gnueabihf/6/lto-wrapper
Target: arm-linux-gnueabihf
Configured with: ../src/configure -v --with-pkgversion='Raspbian 6.3.0-18+rpi1+deb9u1' --with-bugurl=file:///usr/share/doc/gcc-6/README.Bugs --enable-languages=c,ada,c++,java,go,d,fortran,objc,obj-c++ --prefix=/usr --program-suffix=-6 --program-prefix=arm-linux-gnueabihf- --enable-shared --enable-linker-build-id --libexecdir=/usr/lib --without-included-gettext --enable-threads=posix --libdir=/usr/lib --enable-nls --with-sysroot=/ --enable-clocale=gnu --enable-libstdcxx-debug --enable-libstdcxx-time=yes --with-default-libstdcxx-abi=new --enable-gnu-unique-object --disable-libitm --disable-libquadmath --enable-plugin --with-system-zlib --disable-browser-plugin --enable-java-awt=gtk --enable-gtk-cairo --with-java-home=/usr/lib/jvm/java-1.5.0-gcj-6-armhf/jre --enable-java-home --with-jvm-root-dir=/usr/lib/jvm/java-1.5.0-gcj-6-armhf --with-jvm-jar-dir=/usr/lib/jvm-exports/java-1.5.0-gcj-6-armhf --with-arch-directory=arm --with-ecj-jar=/usr/share/java/eclipse-ecj.jar --with-target-system-zlib --enable-objc-gc=auto --enable-multiarch --disable-sjlj-exceptions --with-arch=armv6 --with-fpu=vfp --with-float=hard --enable-checking=release --build=arm-linux-gnueabihf --host=arm-linux-gnueabihf --target=arm-linux-gnueabihf
Thread model: posix
gcc version 6.3.0 20170516 (Raspbian 6.3.0-18+rpi1+deb9u1) 
COMPILER_PATH=/usr/lib/gcc/arm-linux-gnueabihf/6/:/usr/lib/gcc/arm-linux-gnueabihf/6/:/usr/lib/gcc/arm-linux-gnueabihf/:/usr/lib/gcc/arm-linux-gnueabihf/6/:/usr/lib/gcc/arm-linux-gnueabihf/
LIBRARY_PATH=/usr/lib/gcc/arm-linux-gnueabihf/6/:/usr/lib/gcc/arm-linux-gnueabihf/6/../../../arm-linux-gnueabihf/:/usr/lib/gcc/arm-linux-gnueabihf/6/../../../:/lib/arm-linux-gnueabihf/:/lib/:/usr/lib/arm-linux-gnueabihf/:/usr/lib/
COLLECT_GCC_OPTIONS='-v' '-o' 'cmTC_f8984' '-rdynamic' '-march=armv6' '-mfloat-abi=hard' '-mfpu=vfp' '-mtls-dialect=gnu'
 /usr/lib/gcc/arm-linux-gnueabihf/6/collect2 -plugin /usr/lib/gcc/arm-linux-gnueabihf/6/liblto_plugin.so -plugin-opt=/usr/lib/gcc/arm-linux-gnueabihf/6/lto-wrapper -plugin-opt=-fresolution=/tmp/ccPwzMFm.res -plugin-opt=-pass-through=-lgcc -plugin-opt=-pass-through=-lgcc_s -plugin-opt=-pass-through=-lc -plugin-opt=-pass-through=-lgcc -plugin-opt=-pass-through=-lgcc_s --sysroot=/ --build-id --eh-frame-hdr -export-dynamic -dynamic-linker /lib/ld-linux-armhf.so.3 -X --hash-style=gnu -m armelf_linux_eabi -o cmTC_f8984 /usr/lib/gcc/arm-linux-gnueabihf/6/../../../arm-linux-gnueabihf/crt1.o /usr/lib/gcc/arm-linux-gnueabihf/6/../../../arm-linux-gnueabihf/crti.o /usr/lib/gcc/arm-linux-gnueabihf/6/crtbegin.o -L/usr/lib/gcc/arm-linux-gnueabihf/6 -L/usr/lib/gcc/arm-linux-gnueabihf/6/../../../arm-linux-gnueabihf -L/usr/lib/gcc/arm-linux-gnueabihf/6/../../.. -L/lib/arm-linux-gnueabihf -L/usr/lib/arm-linux-gnueabihf CMakeFiles/cmTC_f8984.dir/CMakeCCompilerABI.c.o -lgcc --as-needed -lgcc_s --no-as-needed -lc -lgcc --as-needed -lgcc_s --no-as-needed /usr/lib/gcc/arm-linux-gnueabihf/6/crtend.o /usr/lib/gcc/arm-linux-gnueabihf/6/../../../arm-linux-gnueabihf/crtn.o
COLLECT_GCC_OPTIONS='-v' '-o' 'cmTC_f8984' '-rdynamic' '-march=armv6' '-mfloat-abi=hard' '-mfpu=vfp' '-mtls-dialect=gnu'
make[2]: Leaving directory '/home/pi/mjpg-streamer-master/mjpg-streamer-experimental/_build/CMakeFiles/CMakeTmp'
make[1]: Leaving directory '/home/pi/mjpg-streamer-master/mjpg-streamer-experimental/_build/CMakeFiles/CMakeTmp'


Parsed C implicit link information from above output:
  link line regex: [^( *|.*[/\])(ld|([^/\]+-)?ld|collect2)[^/\]*( |$)]
  ignore line: [Change Dir: /home/pi/mjpg-streamer-master/mjpg-streamer-experimental/_build/CMakeFiles/CMakeTmp]
  ignore line: []
  ignore line: [Run Build Command:"/usr/bin/make" "cmTC_f8984/fast"]
  ignore line: [make[1]: Entering directory '/home/pi/mjpg-streamer-master/mjpg-streamer-experimental/_build/CMakeFiles/CMakeTmp']
  ignore line: [/usr/bin/make -f CMakeFiles/cmTC_f8984.dir/build.make CMakeFiles/cmTC_f8984.dir/build]
  ignore line: [make[2]: Entering directory '/home/pi/mjpg-streamer-master/mjpg-streamer-experimental/_build/CMakeFiles/CMakeTmp']
  ignore line: [Building C object CMakeFiles/cmTC_f8984.dir/CMakeCCompilerABI.c.o]
  ignore line: [/usr/bin/cc     -o CMakeFiles/cmTC_f8984.dir/CMakeCCompilerABI.c.o   -c /usr/share/cmake-3.7/Modules/CMakeCCompilerABI.c]
  ignore line: [Linking C executable cmTC_f8984]
  ignore line: [/usr/bin/cmake -E cmake_link_script CMakeFiles/cmTC_f8984.dir/link.txt --verbose=1]
  ignore line: [/usr/bin/cc      -v CMakeFiles/cmTC_f8984.dir/CMakeCCompilerABI.c.o  -o cmTC_f8984 -rdynamic  ]
  ignore line: [Using built-in specs.]
  ignore line: [COLLECT_GCC=/usr/bin/cc]
  ignore line: [COLLECT_LTO_WRAPPER=/usr/lib/gcc/arm-linux-gnueabihf/6/lto-wrapper]
  ignore line: [Target: arm-linux-gnueabihf]
  ignore line: [Configured with: ../src/configure -v --with-pkgversion='Raspbian 6.3.0-18+rpi1+deb9u1' --with-bugurl=file:///usr/share/doc/gcc-6/README.Bugs --enable-languages=c,ada,c++,java,go,d,fortran,objc,obj-c++ --prefix=/usr --program-suffix=-6 --program-prefix=arm-linux-gnueabihf- --enable-shared --enable-linker-build-id --libexecdir=/usr/lib --without-included-gettext --enable-threads=posix --libdir=/usr/lib --enable-nls --with-sysroot=/ --enable-clocale=gnu --enable-libstdcxx-debug --enable-libstdcxx-time=yes --with-default-libstdcxx-abi=new --enable-gnu-unique-object --disable-libitm --disable-libquadmath --enable-plugin --with-system-zlib --disable-browser-plugin --enable-java-awt=gtk --enable-gtk-cairo --with-java-home=/usr/lib/jvm/java-1.5.0-gcj-6-armhf/jre --enable-java-home --with-jvm-root-dir=/usr/lib/jvm/java-1.5.0-gcj-6-armhf --with-jvm-jar-dir=/usr/lib/jvm-exports/java-1.5.0-gcj-6-armhf --with-arch-directory=arm --with-ecj-jar=/usr/share/java/eclipse-ecj.jar --with-target-system-zlib --enable-objc-gc=auto --enable-multiarch --disable-sjlj-exceptions --with-arch=armv6 --with-fpu=vfp --with-float=hard --enable-checking=release --build=arm-linux-gnueabihf --host=arm-linux-gnueabihf --target=arm-linux-gnueabihf]
  ignore line: [Thread model: posix]
  ignore line: [gcc version 6.3.0 20170516 (Raspbian 6.3.0-18+rpi1+deb9u1) ]
  ignore line: [COMPILER_PATH=/usr/lib/gcc/arm-linux-gnueabihf/6/:/usr/lib/gcc/arm-linux-gnueabihf/6/:/usr/lib/gcc/arm-linux-gnueabihf/:/usr/lib/gcc/arm-linux-gnueabihf/6/:/usr/lib/gcc/arm-linux-gnueabihf/]
  ignore line: [LIBRARY_PATH=/usr/lib/gcc/arm-linux-gnueabihf/6/:/usr/lib/gcc/arm-linux-gnueabihf/6/../../../arm-linux-gnueabihf/:/usr/lib/gcc/arm-linux-gnueabihf/6/../../../:/lib/arm-linux-gnueabihf/:/lib/:/usr/lib/arm-linux-gnueabihf/:/usr/lib/]
  ignore line: [COLLECT_GCC_OPTIONS='-v' '-o' 'cmTC_f8984' '-rdynamic' '-march=armv6' '-mfloat-abi=hard' '-mfpu=vfp' '-mtls-dialect=gnu']
  link line: [ /usr/lib/gcc/arm-linux-gnueabihf/6/collect2 -plugin /usr/lib/gcc/arm-linux-gnueabihf/6/liblto_plugin.so -plugin-opt=/usr/lib/gcc/arm-linux-gnueabihf/6/lto-wrapper -plugin-opt=-fresolution=/tmp/ccPwzMFm.res -plugin-opt=-pass-through=-lgcc -plugin-opt=-pass-through=-lgcc_s -plugin-opt=-pass-through=-lc -plugin-opt=-pass-through=-lgcc -plugin-opt=-pass-through=-lgcc_s --sysroot=/ --build-id --eh-frame-hdr -export-dynamic -dynamic-linker /lib/ld-linux-armhf.so.3 -X --hash-style=gnu -m armelf_linux_eabi -o cmTC_f8984 /usr/lib/gcc/arm-linux-gnueabihf/6/../../../arm-linux-gnueabihf/crt1.o /usr/lib/gcc/arm-linux-gnueabihf/6/../../../arm-linux-gnueabihf/crti.o /usr/lib/gcc/arm-linux-gnueabihf/6/crtbegin.o -L/usr/lib/gcc/arm-linux-gnueabihf/6 -L/usr/lib/gcc/arm-linux-gnueabihf/6/../../../arm-linux-gnueabihf -L/usr/lib/gcc/arm-linux-gnueabihf/6/../../.. -L/lib/arm-linux-gnueabihf -L/usr/lib/arm-linux-gnueabihf CMakeFiles/cmTC_f8984.dir/CMakeCCompilerABI.c.o -lgcc --as-needed -lgcc_s --no-as-needed -lc -lgcc --as-needed -lgcc_s --no-as-needed /usr/lib/gcc/arm-linux-gnueabihf/6/crtend.o /usr/lib/gcc/arm-linux-gnueabihf/6/../../../arm-linux-gnueabihf/crtn.o]
    arg [/usr/lib/gcc/arm-linux-gnueabihf/6/collect2] ==> ignore
    arg [-plugin] ==> ignore
    arg [/usr/lib/gcc/arm-linux-gnueabihf/6/liblto_plugin.so] ==> ignore
    arg [-plugin-opt=/usr/lib/gcc/arm-linux-gnueabihf/6/lto-wrapper] ==> ignore
    arg [-plugin-opt=-fresolution=/tmp/ccPwzMFm.res] ==> ignore
    arg [-plugin-opt=-pass-through=-lgcc] ==> ignore
    arg [-plugin-opt=-pass-through=-lgcc_s] ==> ignore
    arg [-plugin-opt=-pass-through=-lc] ==> ignore
    arg [-plugin-opt=-pass-through=-lgcc] ==> ignore
    arg [-plugin-opt=-pass-through=-lgcc_s] ==> ignore
    arg [--sysroot=/] ==> ignore
    arg [--build-id] ==> ignore
    arg [--eh-frame-hdr] ==> ignore
    arg [-export-dynamic] ==> ignore
    arg [-dynamic-linker] ==> ignore
    arg [/lib/ld-linux-armhf.so.3] ==> ignore
    arg [-X] ==> ignore
    arg [--hash-style=gnu] ==> ignore
    arg [-m] ==> ignore
    arg [armelf_linux_eabi] ==> ignore
    arg [-o] ==> ignore
    arg [cmTC_f8984] ==> ignore
    arg [/usr/lib/gcc/arm-linux-gnueabihf/6/../../../arm-linux-gnueabihf/crt1.o] ==> ignore
    arg [/usr/lib/gcc/arm-linux-gnueabihf/6/../../../arm-linux-gnueabihf/crti.o] ==> ignore
    arg [/usr/lib/gcc/arm-linux-gnueabihf/6/crtbegin.o] ==> ignore
    arg [-L/usr/lib/gcc/arm-linux-gnueabihf/6] ==> dir [/usr/lib/gcc/arm-linux-gnueabihf/6]
    arg [-L/usr/lib/gcc/arm-linux-gnueabihf/6/../../../arm-linux-gnueabihf] ==> dir [/usr/lib/gcc/arm-linux-gnueabihf/6/../../../arm-linux-gnueabihf]
    arg [-L/usr/lib/gcc/arm-linux-gnueabihf/6/../../..] ==> dir [/usr/lib/gcc/arm-linux-gnueabihf/6/../../..]
    arg [-L/lib/arm-linux-gnueabihf] ==> dir [/lib/arm-linux-gnueabihf]
    arg [-L/usr/lib/arm-linux-gnueabihf] ==> dir [/usr/lib/arm-linux-gnueabihf]
    arg [CMakeFiles/cmTC_f8984.dir/CMakeCCompilerABI.c.o] ==> ignore
    arg [-lgcc] ==> lib [gcc]
    arg [--as-needed] ==> ignore
    arg [-lgcc_s] ==> lib [gcc_s]
    arg [--no-as-needed] ==> ignore
    arg [-lc] ==> lib [c]
    arg [-lgcc] ==> lib [gcc]
    arg [--as-needed] ==> ignore
    arg [-lgcc_s] ==> lib [gcc_s]
    arg [--no-as-needed] ==> ignore
    arg [/usr/lib/gcc/arm-linux-gnueabihf/6/crtend.o] ==> ignore
    arg [/usr/lib/gcc/arm-linux-gnueabihf/6/../../../arm-linux-gnueabihf/crtn.o] ==> ignore
  remove lib [gcc]
  remove lib [gcc_s]
  remove lib [gcc]
  remove lib [gcc_s]
  collapse library dir [/usr/lib/gcc/arm-linux-gnueabihf/6] ==> [/usr/lib/gcc/arm-linux-gnueabihf/6]
  collapse library dir [/usr/lib/gcc/arm-linux-gnueabihf/6/../../../arm-linux-gnueabihf] ==> [/usr/lib/arm-linux-gnueabihf]
  collapse library dir [/usr/lib/gcc/arm-linux-gnueabihf/6/../../..] ==> [/usr/lib]
  collapse library dir [/lib/arm-linux-gnueabihf] ==> [/lib/arm-linux-gnueabihf]
  collapse library dir [/usr/lib/arm-linux-gnueabihf] ==> [/usr/lib/arm-linux-gnueabihf]
  implicit libs: [c]
  implicit dirs: [/usr/lib/gcc/arm-linux-gnueabihf/6;/usr/lib/arm-linux-gnueabihf;/usr/lib;/lib/arm-linux-gnueabihf]
  implicit fwks: []




Detecting C [-std=c11] compiler features compiled with the following output:
Change Dir: /home/pi/mjpg-streamer-master/mjpg-streamer-experimental/_build/CMakeFiles/CMakeTmp

Run Build Command:"/usr/bin/make" "cmTC_2e48e/fast"
make[1]: Entering directory '/home/pi/mjpg-streamer-master/mjpg-streamer-experimental/_build/CMakeFiles/CMakeTmp'
/usr/bin/make -f CMakeFiles/cmTC_2e48e.dir/build.make CMakeFiles/cmTC_2e48e.dir/build
make[2]: Entering directory '/home/pi/mjpg-streamer-master/mjpg-streamer-experimental/_build/CMakeFiles/CMakeTmp'
Building C object CMakeFiles/cmTC_2e48e.dir/feature_tests.c.o
/usr/bin/cc    -std=c11 -o CMakeFiles/cmTC_2e48e.dir/feature_tests.c.o   -c /home/pi/mjpg-streamer-master/mjpg-streamer-experimental/_build/CMakeFiles/feature_tests.c
Linking C executable cmTC_2e48e
/usr/bin/cmake -E cmake_link_script CMakeFiles/cmTC_2e48e.dir/link.txt --verbose=1
/usr/bin/cc       CMakeFiles/cmTC_2e48e.dir/feature_tests.c.o  -o cmTC_2e48e -rdynamic 
make[2]: Leaving directory '/home/pi/mjpg-streamer-master/mjpg-streamer-experimental/_build/CMakeFiles/CMakeTmp'
make[1]: Leaving directory '/home/pi/mjpg-streamer-master/mjpg-streamer-experimental/_build/CMakeFiles/CMakeTmp'


    Feature record: C_FEATURE:1c_function_prototypes
    Feature record: C_FEATURE:1c_restrict
    Feature record: C_FEATURE:1c_static_assert
    Feature record: C_FEATURE:1c_variadic_macros


Detecting C [-std=c99] compiler features compiled with the following output:
Change Dir: /home/pi/mjpg-streamer-master/mjpg-streamer-experimental/_build/CMakeFiles/CMakeTmp

Run Build Command:"/usr/bin/make" "cmTC_e3858/fast"
make[1]: Entering directory '/home/pi/mjpg-streamer-master/mjpg-streamer-experimental/_build/CMakeFiles/CMakeTmp'
/usr/bin/make -f CMakeFiles/cmTC_e3858.dir/build.make CMakeFiles/cmTC_e3858.dir/build
make[2]: Entering directory '/home/pi/mjpg-streamer-master/mjpg-streamer-experimental/_build/CMakeFiles/CMakeTmp'
Building C object CMakeFiles/cmTC_e3858.dir/feature_tests.c.o
/usr/bin/cc    -std=c99 -o CMakeFiles/cmTC_e3858.dir/feature_tests.c.o   -c /home/pi/mjpg-streamer-master/mjpg-streamer-experimental/_build/CMakeFiles/feature_tests.c
Linking C executable cmTC_e3858
/usr/bin/cmake -E cmake_link_script CMakeFiles/cmTC_e3858.dir/link.txt --verbose=1
/usr/bin/cc       CMakeFiles/cmTC_e3858.dir/feature_tests.c.o  -o cmTC_e3858 -rdynamic 
make[2]: Leaving directory '/home/pi/mjpg-streamer-master/mjpg-streamer-experimental/_build/CMakeFiles/CMakeTmp'
make[1]: Leaving directory '/home/pi/mjpg-streamer-master/mjpg-streamer-experimental/_build/CMakeFiles/CMakeTmp'


    Feature record: C_FEATURE:1c_function_prototypes
    Feature record: C_FEATURE:1c_restrict
    Feature record: C_FEATURE:0c_static_assert
    Feature record: C_FEATURE:1c_variadic_macros


Detecting C [-std=c90] compiler features compiled with the following output:
Change Dir: /home/pi/mjpg-streamer-master/mjpg-streamer-experimental/_build/CMakeFiles/CMakeTmp

Run Build Command:"/usr/bin/make" "cmTC_f6721/fast"
make[1]: Entering directory '/home/pi/mjpg-streamer-master/mjpg-streamer-experimental/_build/CMakeFiles/CMakeTmp'
/usr/bin/make -f CMakeFiles/cmTC_f6721.dir/build.make CMakeFiles/cmTC_f6721.dir/build
make[2]: Entering directory '/home/pi/mjpg-streamer-master/mjpg-streamer-experimental/_build/CMakeFiles/CMakeTmp'
Building C object CMakeFiles/cmTC_f6721.dir/feature_tests.c.o
/usr/bin/cc    -std=c90 -o CMakeFiles/cmTC_f6721.dir/feature_tests.c.o   -c /home/pi/mjpg-streamer-master/mjpg-streamer-experimental/_build/CMakeFiles/feature_tests.c
Linking C executable cmTC_f6721
/usr/bin/cmake -E cmake_link_script CMakeFiles/cmTC_f6721.dir/link.txt --verbose=1
/usr/bin/cc       CMakeFiles/cmTC_f6721.dir/feature_tests.c.o  -o cmTC_f6721 -rdynamic 
make[2]: Leaving directory '/home/pi/mjpg-streamer-master/mjpg-streamer-experimental/_build/CMakeFiles/CMakeTmp'
make[1]: Leaving directory '/home/pi/mjpg-streamer-master/mjpg-streamer-experimental/_build/CMakeFiles/CMakeTmp'


    Feature record: C_FEATURE:1c_function_prototypes
    Feature record: C_FEATURE:0c_restrict
    Feature record: C_FEATURE:0c_static_assert
    Feature record: C_FEATURE:0c_variadic_macros
Determining if files sys/inotify.h exist passed with the following output:
Change Dir: /home/pi/mjpg-streamer-master/mjpg-streamer-experimental/_build/CMakeFiles/CMakeTmp

Run Build Command:"/usr/bin/make" "cmTC_402ef/fast"
make[1]: Entering directory '/home/pi/mjpg-streamer-master/mjpg-streamer-experimental/_build/CMakeFiles/CMakeTmp'
/usr/bin/make -f CMakeFiles/cmTC_402ef.dir/build.make CMakeFiles/cmTC_402ef.dir/build
make[2]: Entering directory '/home/pi/mjpg-streamer-master/mjpg-streamer-experimental/_build/CMakeFiles/CMakeTmp'
Building C object CMakeFiles/cmTC_402ef.dir/CheckIncludeFiles.c.o
/usr/bin/cc     -o CMakeFiles/cmTC_402ef.dir/CheckIncludeFiles.c.o   -c /home/pi/mjpg-streamer-master/mjpg-streamer-experimental/_build/CMakeFiles/CMakeTmp/CheckIncludeFiles.c
Linking C executable cmTC_402ef
/usr/bin/cmake -E cmake_link_script CMakeFiles/cmTC_402ef.dir/link.txt --verbose=1
/usr/bin/cc       CMakeFiles/cmTC_402ef.dir/CheckIncludeFiles.c.o  -o cmTC_402ef -rdynamic 
make[2]: Leaving directory '/home/pi/mjpg-streamer-master/mjpg-streamer-experimental/_build/CMakeFiles/CMakeTmp'
make[1]: Leaving directory '/home/pi/mjpg-streamer-master/mjpg-streamer-experimental/_build/CMakeFiles/CMakeTmp'


Determining if files linux/videodev2.h exist passed with the following output:
Change Dir: /home/pi/mjpg-streamer-master/mjpg-streamer-experimental/_build/CMakeFiles/CMakeTmp

Run Build Command:"/usr/bin/make" "cmTC_8badf/fast"
make[1]: Entering directory '/home/pi/mjpg-streamer-master/mjpg-streamer-experimental/_build/CMakeFiles/CMakeTmp'
/usr/bin/make -f CMakeFiles/cmTC_8badf.dir/build.make CMakeFiles/cmTC_8badf.dir/build
make[2]: Entering directory '/home/pi/mjpg-streamer-master/mjpg-streamer-experimental/_build/CMakeFiles/CMakeTmp'
Building C object CMakeFiles/cmTC_8badf.dir/CheckIncludeFiles.c.o
/usr/bin/cc     -o CMakeFiles/cmTC_8badf.dir/CheckIncludeFiles.c.o   -c /home/pi/mjpg-streamer-master/mjpg-streamer-experimental/_build/CMakeFiles/CMakeTmp/CheckIncludeFiles.c
Linking C executable cmTC_8badf
/usr/bin/cmake -E cmake_link_script CMakeFiles/cmTC_8badf.dir/link.txt --verbose=1
/usr/bin/cc       CMakeFiles/cmTC_8badf.dir/CheckIncludeFiles.c.o  -o cmTC_8badf -rdynamic 
make[2]: Leaving directory '/home/pi/mjpg-streamer-master/mjpg-streamer-experimental/_build/CMakeFiles/CMakeTmp'
make[1]: Leaving directory '/home/pi/mjpg-streamer-master/mjpg-streamer-experimental/_build/CMakeFiles/CMakeTmp'


Determining if the include file pthread.h exists passed with the following output:
Change Dir: /home/pi/mjpg-streamer-master/mjpg-streamer-experimental/_build/CMakeFiles/CMakeTmp

Run Build Command:"/usr/bin/make" "cmTC_f30ec/fast"
make[1]: Entering directory '/home/pi/mjpg-streamer-master/mjpg-streamer-experimental/_build/CMakeFiles/CMakeTmp'
/usr/bin/make -f CMakeFiles/cmTC_f30ec.dir/build.make CMakeFiles/cmTC_f30ec.dir/build
make[2]: Entering directory '/home/pi/mjpg-streamer-master/mjpg-streamer-experimental/_build/CMakeFiles/CMakeTmp'
Building C object CMakeFiles/cmTC_f30ec.dir/CheckIncludeFile.c.o
/usr/bin/cc     -o CMakeFiles/cmTC_f30ec.dir/CheckIncludeFile.c.o   -c /home/pi/mjpg-streamer-master/mjpg-streamer-experimental/_build/CMakeFiles/CMakeTmp/CheckIncludeFile.c
Linking C executable cmTC_f30ec
/usr/bin/cmake -E cmake_link_script CMakeFiles/cmTC_f30ec.dir/link.txt --verbose=1
/usr/bin/cc       CMakeFiles/cmTC_f30ec.dir/CheckIncludeFile.c.o  -o cmTC_f30ec -rdynamic 
make[2]: Leaving directory '/home/pi/mjpg-streamer-master/mjpg-streamer-experimental/_build/CMakeFiles/CMakeTmp'
make[1]: Leaving directory '/home/pi/mjpg-streamer-master/mjpg-streamer-experimental/_build/CMakeFiles/CMakeTmp'


Determining if the function pthread_create exists in the pthread passed with the following output:
Change Dir: /home/pi/mjpg-streamer-master/mjpg-streamer-experimental/_build/CMakeFiles/CMakeTmp

Run Build Command:"/usr/bin/make" "cmTC_ae26d/fast"
make[1]: Entering directory '/home/pi/mjpg-streamer-master/mjpg-streamer-experimental/_build/CMakeFiles/CMakeTmp'
/usr/bin/make -f CMakeFiles/cmTC_ae26d.dir/build.make CMakeFiles/cmTC_ae26d.dir/build
make[2]: Entering directory '/home/pi/mjpg-streamer-master/mjpg-streamer-experimental/_build/CMakeFiles/CMakeTmp'
Building C object CMakeFiles/cmTC_ae26d.dir/CheckFunctionExists.c.o
/usr/bin/cc    -DCHECK_FUNCTION_EXISTS=pthread_create   -o CMakeFiles/cmTC_ae26d.dir/CheckFunctionExists.c.o   -c /usr/share/cmake-3.7/Modules/CheckFunctionExists.c
Linking C executable cmTC_ae26d
/usr/bin/cmake -E cmake_link_script CMakeFiles/cmTC_ae26d.dir/link.txt --verbose=1
/usr/bin/cc   -DCHECK_FUNCTION_EXISTS=pthread_create    CMakeFiles/cmTC_ae26d.dir/CheckFunctionExists.c.o  -o cmTC_ae26d -rdynamic -lpthread 
make[2]: Leaving directory '/home/pi/mjpg-streamer-master/mjpg-streamer-experimental/_build/CMakeFiles/CMakeTmp'
make[1]: Leaving directory '/home/pi/mjpg-streamer-master/mjpg-streamer-experimental/_build/CMakeFiles/CMakeTmp'


